<html>
<head>
<title>TestNG:  Rest Assured API Test Cases</title>
<link href="../testng.css" rel="stylesheet" type="text/css" />
<link href="../my-testng.css" rel="stylesheet" type="text/css" />

<style type="text/css">
.log { display: none;} 
.stack-trace { display: none;} 
</style>
<script type="text/javascript">
<!--
function flip(e) {
  current = e.style.display;
  if (current == 'block') {
    e.style.display = 'none';
    return 0;
  }
  else {
    e.style.display = 'block';
    return 1;
  }
}

function toggleBox(szDivId, elem, msg1, msg2)
{
  var res = -1;  if (document.getElementById) {
    res = flip(document.getElementById(szDivId));
  }
  else if (document.all) {
    // this is the way old msie versions work
    res = flip(document.all[szDivId]);
  }
  if(elem) {
    if(res == 0) elem.innerHTML = msg1; else elem.innerHTML = msg2;
  }

}

function toggleAllBoxes() {
  if (document.getElementsByTagName) {
    d = document.getElementsByTagName('div');
    for (i = 0; i < d.length; i++) {
      if (d[i].className == 'log') {
        flip(d[i]);
      }
    }
  }
}

// -->
</script>

</head>
<body>
<h2 align='center'>Rest Assured API Test Cases</h2><table border='1' align="center">
<tr>
<td>Tests passed/Failed/Skipped:</td><td>6/1/0</td>
</tr><tr>
<td>Started on:</td><td>Sun Dec 22 23:23:50 IST 2019</td>
</tr>
<tr><td>Total time:</td><td>10 seconds (10519 ms)</td>
</tr><tr>
<td>Included groups:</td><td></td>
</tr><tr>
<td>Excluded groups:</td><td></td>
</tr>
</table><p/>
<small><i>(Hover the method name to see the test class name)</i></small><p/>
<table width='100%' border='1' class='invocation-failed'>
<tr><td colspan='4' align='center'><b>FAILED TESTS</b></td></tr>
<tr><td><b>Test method</b></td>
<td width="30%"><b>Exception</b></td>
<td width="10%"><b>Time (seconds)</b></td>
<td><b>Instance</b></td>
</tr>
<tr>
<td title='com.Rest_Assured.Automation.Test_Cases.TC002_Post_Request_Register.Register_Cosumer()'><b>Register_Cosumer</b><br>Test class: com.Rest_Assured.Automation.Test_Cases.TC002_Post_Request_Register</td>
<td><div><pre>java.lang.AssertionError: expected [201] but found [200]
	at com.Rest_Assured.Automation.Test_Cases.TC002_Post_Request_Register.Register_Cosumer(TC002_Post_Request_Register.java:51)
... Removed 31 stack frames</pre></div><a href='#' onClick='toggleBox("stack-trace1068945248", this, "Click to show all stack frames", "Click to hide stack frames")'>Click to show all stack frames</a>
<div class='stack-trace' id='stack-trace1068945248'><pre>java.lang.AssertionError: expected [201] but found [200]
	at org.testng.Assert.fail(Assert.java:96)
	at org.testng.Assert.failNotEquals(Assert.java:776)
	at org.testng.Assert.assertEqualsImpl(Assert.java:137)
	at org.testng.Assert.assertEquals(Assert.java:118)
	at org.testng.Assert.assertEquals(Assert.java:652)
	at org.testng.Assert.assertEquals(Assert.java:662)
	at com.Rest_Assured.Automation.Test_Cases.TC002_Post_Request_Register.Register_Cosumer(TC002_Post_Request_Register.java:51)
	at sun.reflect.NativeMethodAccessorImpl.invoke0(Native Method)
	at sun.reflect.NativeMethodAccessorImpl.invoke(Unknown Source)
	at sun.reflect.DelegatingMethodAccessorImpl.invoke(Unknown Source)
	at java.lang.reflect.Method.invoke(Unknown Source)
	at org.testng.internal.MethodInvocationHelper.invokeMethod(MethodInvocationHelper.java:124)
	at org.testng.internal.Invoker.invokeMethod(Invoker.java:583)
	at org.testng.internal.Invoker.invokeTestMethod(Invoker.java:719)
	at org.testng.internal.Invoker.invokeTestMethods(Invoker.java:989)
	at org.testng.internal.TestMethodWorker.invokeTestMethods(TestMethodWorker.java:125)
	at org.testng.internal.TestMethodWorker.run(TestMethodWorker.java:109)
	at org.testng.TestRunner.privateRun(TestRunner.java:648)
	at org.testng.TestRunner.run(TestRunner.java:505)
	at org.testng.SuiteRunner.runTest(SuiteRunner.java:455)
	at org.testng.SuiteRunner.runSequentially(SuiteRunner.java:450)
	at org.testng.SuiteRunner.privateRun(SuiteRunner.java:415)
	at org.testng.SuiteRunner.run(SuiteRunner.java:364)
	at org.testng.SuiteRunnerWorker.runSuite(SuiteRunnerWorker.java:52)
	at org.testng.SuiteRunnerWorker.run(SuiteRunnerWorker.java:84)
	at org.testng.TestNG.runSuitesSequentially(TestNG.java:1208)
	at org.testng.TestNG.runSuitesLocally(TestNG.java:1137)
	at org.testng.TestNG.runSuites(TestNG.java:1049)
	at org.testng.TestNG.run(TestNG.java:1017)
	at org.testng.remote.AbstractRemoteTestNG.run(AbstractRemoteTestNG.java:115)
	at org.testng.remote.RemoteTestNG.initAndRun(RemoteTestNG.java:251)
	at org.testng.remote.RemoteTestNG.main(RemoteTestNG.java:77)
</pre></div></td>
<td>0</td>
<td>com.Rest_Assured.Automation.Test_Cases.TC002_Post_Request_Register@77cd7a0</td></tr>
</table><p>
<table width='100%' border='1' class='invocation-passed'>
<tr><td colspan='4' align='center'><b>PASSED TESTS</b></td></tr>
<tr><td><b>Test method</b></td>
<td width="30%"><b>Exception</b></td>
<td width="10%"><b>Time (seconds)</b></td>
<td><b>Instance</b></td>
</tr>
<tr>
<td title='com.Rest_Assured.Automation.Test_Cases.TC007_Get_Authontication.Get_details_Using_AUTH()'><b>Get_details_Using_AUTH</b><br>Test class: com.Rest_Assured.Automation.Test_Cases.TC007_Get_Authontication</td>
<td></td>
<td>0</td>
<td>com.Rest_Assured.Automation.Test_Cases.TC007_Get_Authontication@4dfa3a9d</td></tr>
<tr>
<td title='com.Rest_Assured.Automation.Test_Cases.TC005_Get_Validaring_JSON_Response.Getting_JSON_Response_Validating()'><b>Getting_JSON_Response_Validating</b><br>Test class: com.Rest_Assured.Automation.Test_Cases.TC005_Get_Validaring_JSON_Response</td>
<td></td>
<td>0</td>
<td>com.Rest_Assured.Automation.Test_Cases.TC005_Get_Validaring_JSON_Response@754ba872</td></tr>
<tr>
<td title='com.Rest_Assured.Automation.Test_Cases.TC006_Extracting_all_the_JSON_Response.Getting_JSON_Response_Validating()'><b>Getting_JSON_Response_Validating</b><br>Test class: com.Rest_Assured.Automation.Test_Cases.TC006_Extracting_all_the_JSON_Response</td>
<td></td>
<td>1</td>
<td>com.Rest_Assured.Automation.Test_Cases.TC006_Extracting_all_the_JSON_Response@146ba0ac</td></tr>
<tr>
<td title='com.Rest_Assured.Automation.Test_Cases.TC001_Get_Request_Weather.get_Weather_deatils()'><b>get_Weather_deatils</b><br>Test class: com.Rest_Assured.Automation.Test_Cases.TC001_Get_Request_Weather</td>
<td></td>
<td>3</td>
<td>com.Rest_Assured.Automation.Test_Cases.TC001_Get_Request_Weather@4667ae56</td></tr>
<tr>
<td title='com.Rest_Assured.Automation.Test_Cases.TC003_Get_Details_Google_Map_Multple_Headers.getting_store_details()'><b>getting_store_details</b><br>Test class: com.Rest_Assured.Automation.Test_Cases.TC003_Get_Details_Google_Map_Multple_Headers</td>
<td></td>
<td>1</td>
<td>com.Rest_Assured.Automation.Test_Cases.TC003_Get_Details_Google_Map_Multple_Headers@204f30ec</td></tr>
<tr>
<td title='com.Rest_Assured.Automation.Test_Cases.TC004_Get_Details_Stores_Single_Header.getting_store_details_()'><b>getting_store_details_</b><br>Test class: com.Rest_Assured.Automation.Test_Cases.TC004_Get_Details_Stores_Single_Header</td>
<td></td>
<td>0</td>
<td>com.Rest_Assured.Automation.Test_Cases.TC004_Get_Details_Stores_Single_Header@e25b2fe</td></tr>
</table><p>
</body>
</html>